<?xml version="1.0" encoding="UTF-8"?>
<testng-results ignored="0" total="0" passed="0" failed="0" skipped="0">
  <reporter-output>
  </reporter-output>
  <suite started-at="2023-11-07T17:59:16 IST" name="Default suite" finished-at="2023-11-07T17:59:16 IST" duration-ms="215">
    <groups>
      <group name="cucumber">
        <method signature="AbstractTestNGCucumberTests.runScenario(io.cucumber.testng.PickleWrapper,io.cucumber.testng.FeatureWrapper)[pri:0, instance:com.Akshayalakshmi.TechAssessment3.Runnerregister@451001e5]" name="runScenario" class="io.cucumber.testng.AbstractTestNGCucumberTests"/>
      </group> <!-- cucumber -->
    </groups>
    <test started-at="2023-11-07T17:59:16 IST" name="Default test" finished-at="2023-11-07T17:59:16 IST" duration-ms="215">
      <class name="com.Akshayalakshmi.TechAssessment3.Runnerregister">
        <test-method is-config="true" signature="setUpClass(org.testng.ITestContext)[pri:0, instance:com.Akshayalakshmi.TechAssessment3.Runnerregister@451001e5]" started-at="2023-11-07T17:59:16 IST" name="setUpClass" finished-at="2023-11-07T17:59:16 IST" duration-ms="180" status="PASS">
          <params>
            <param index="0">
              <value>
                <![CDATA[org.testng.TestRunner@42721fe]]>
              </value>
            </param>
          </params>
          <reporter-output>
          </reporter-output>
        </test-method> <!-- setUpClass -->
        <test-method is-config="true" signature="tearDownClass()[pri:0, instance:com.Akshayalakshmi.TechAssessment3.Runnerregister@451001e5]" started-at="2023-11-07T17:59:16 IST" name="tearDownClass" finished-at="2023-11-07T17:59:16 IST" duration-ms="2" status="PASS">
          <reporter-output>
          </reporter-output>
        </test-method> <!-- tearDownClass -->
      </class> <!-- com.Akshayalakshmi.TechAssessment3.Runnerregister -->
    </test> <!-- Default test -->
  </suite> <!-- Default suite -->
</testng-results>
